<?xml version="1.0" encoding="UTF-8"?>
<!-- Generated by org.testng.reporters.JUnitReportReporter -->
<testsuite hostname="DESKTOP-2PU7OVA" failures="0" tests="1" name="hw5.ex1Steps" time="2.555" errors="0" timestamp="2021-07-28T01:39:35 MSK" skipped="0">
  <testcase classname="hw5.ex1Steps" name="simpleTest2" time="2.555"/>
  <system-out/>
</testsuite> <!-- hw5.ex1Steps -->
